<?xml version="1.0" encoding="UTF-8"?>
<testsuite name="com.bits.qms.QuotationServiceTests" tests="4" skipped="0" failures="0" errors="0" timestamp="2023-11-14T20:11:40" hostname="LAPTOP-V7B4MUIQ" time="0.171">
  <properties/>
  <testcase name="whenQuotationIsSavedSuccessfullyReturnsQuotationDetails()" classname="com.bits.qms.QuotationServiceTests" time="0.138"/>
  <testcase name="whenQuotationIdIsInvalidThrowsError()" classname="com.bits.qms.QuotationServiceTests" time="0.007"/>
  <testcase name="shouldThrowErrorWhenProductIdIsInvalid()" classname="com.bits.qms.QuotationServiceTests" time="0.007"/>
  <testcase name="whenQuotationIdIsValidReturnsQuotationDetails()" classname="com.bits.qms.QuotationServiceTests" time="0.005"/>
  <system-out><![CDATA[]]></system-out>
  <system-err><![CDATA[]]></system-err>
</testsuite>
